<?xml version="1.0" encoding="UTF-8"?>
<testsuite xmlns:xsi="http://www.w3.org/2001/XMLSchema-instance" xsi:noNamespaceSchemaLocation="https://maven.apache.org/surefire/maven-surefire-plugin/xsd/surefire-test-report-3.0.xsd" version="3.0" name="org.ren1kron.PointCalculateTest" time="0.069" tests="6" errors="0" skipped="0" failures="0">
  <properties>
[...]
</properties>
  <testcase name="testHorizontalCriticalHit" classname="org.ren1kron.PointCalculateTest" time="0.033"/>
  <testcase name="testMiss" classname="org.ren1kron.PointCalculateTest" time="0.0"/>
  <testcase name="testSquareAreaHit" classname="org.ren1kron.PointCalculateTest" time="0.0"/>
  <testcase name="testVerticalCriticalHit" classname="org.ren1kron.PointCalculateTest" time="0.0"/>
  <testcase name="testTriangleAreaHit" classname="org.ren1kron.PointCalculateTest" time="0.0"/>
  <testcase name="testCircleAreaHit" classname="org.ren1kron.PointCalculateTest" time="0.006"/>
</testsuite>